# JRE version: Java(TM) SE Runtime Environment (8.0_102-b04) (build 1.8.0_102-ea-b04)
# Java VM: Java HotSpot(TM) 64-Bit Server VM (25.102-b04 mixed mode bsd-amd64 compressed oops)
Heap:
 PSYoungGen      total 18944K, used 15563K [0x00000007aab00000, 0x00000007ac100000, 0x00000007c0000000)
  eden space 16384K, 87% used [0x00000007aab00000,0x00000007ab90ad78,0x00000007abb00000)
  from space 2560K, 46% used [0x00000007abb00000,0x00000007abc28000,0x00000007abd80000)
  to   space 3072K, 0% used [0x00000007abe00000,0x00000007abe00000,0x00000007ac100000)
 ParOldGen       total 44032K, used 1554K [0x0000000780000000, 0x0000000782b00000, 0x00000007aab00000)
  object space 44032K, 3% used [0x0000000780000000,0x00000007801848e0,0x0000000782b00000)
 Metaspace       used 6910K, capacity 7067K, committed 7168K, reserved 1056768K
  class space    used 663K, capacity 728K, committed 768K, reserved 1048576K
GC Heap History (10 events):
Event: 124.592 GC heap before
{Heap before GC invocations=3 (full 0):
 PSYoungGen      total 18944K, used 18256K [0x00000007aab00000, 0x00000007ac000000, 0x00000007c0000000)
  eden space 16384K, 100% used [0x00000007aab00000,0x00000007abb00000,0x00000007abb00000)
  from space 2560K, 73% used [0x00000007abd80000,0x00000007abf54010,0x00000007ac000000)
  to   space 2560K, 0% used [0x00000007abb00000,0x00000007abb00000,0x00000007abd80000)
 ParOldGen       total 44032K, used 16K [0x0000000780000000, 0x0000000782b00000, 0x00000007aab00000)
  object space 44032K, 0% used [0x0000000780000000,0x0000000780004000,0x0000000782b00000)
 Metaspace       used 6903K, capacity 7067K, committed 7168K, reserved 1056768K
  class space    used 662K, capacity 728K, committed 768K, reserved 1048576K
Event: 124.597 GC heap after
Heap after GC invocations=3 (full 0):
 PSYoungGen      total 18944K, used 2016K [0x00000007aab00000, 0x00000007ac000000, 0x00000007c0000000)
  eden space 16384K, 0% used [0x00000007aab00000,0x00000007aab00000,0x00000007abb00000)
  from space 2560K, 78% used [0x00000007abb00000,0x00000007abcf8020,0x00000007abd80000)
  to   space 2560K, 0% used [0x00000007abd80000,0x00000007abd80000,0x00000007ac000000)
 ParOldGen       total 44032K, used 24K [0x0000000780000000, 0x0000000782b00000, 0x00000007aab00000)
  object space 44032K, 0% used [0x0000000780000000,0x0000000780006000,0x0000000782b00000)
 Metaspace       used 6903K, capacity 7067K, committed 7168K, reserved 1056768K
  class space    used 662K, capacity 728K, committed 768K, reserved 1048576K
}
Event: 199.168 GC heap before
{Heap before GC invocations=4 (full 0):
 PSYoungGen      total 18944K, used 18400K [0x00000007aab00000, 0x00000007ac000000, 0x00000007c0000000)
  eden space 16384K, 100% used [0x00000007aab00000,0x00000007abb00000,0x00000007abb00000)
  from space 2560K, 78% used [0x00000007abb00000,0x00000007abcf8020,0x00000007abd80000)
  to   space 2560K, 0% used [0x00000007abd80000,0x00000007abd80000,0x00000007ac000000)
 ParOldGen       total 44032K, used 24K [0x0000000780000000, 0x0000000782b00000, 0x00000007aab00000)
  object space 44032K, 0% used [0x0000000780000000,0x0000000780006000,0x0000000782b00000)
 Metaspace       used 6904K, capacity 7067K, committed 7168K, reserved 1056768K
  class space    used 662K, capacity 728K, committed 768K, reserved 1048576K
Event: 199.171 GC heap after
Heap after GC invocations=4 (full 0):
 PSYoungGen      total 18944K, used 2160K [0x00000007aab00000, 0x00000007ac000000, 0x00000007c0000000)
  eden space 16384K, 0% used [0x00000007aab00000,0x00000007aab00000,0x00000007abb00000)
  from space 2560K, 84% used [0x00000007abd80000,0x00000007abf9c010,0x00000007ac000000)
  to   space 2560K, 0% used [0x00000007abb00000,0x00000007abb00000,0x00000007abd80000)
 ParOldGen       total 44032K, used 32K [0x0000000780000000, 0x0000000782b00000, 0x00000007aab00000)
  object space 44032K, 0% used [0x0000000780000000,0x0000000780008000,0x0000000782b00000)
 Metaspace       used 6904K, capacity 7067K, committed 7168K, reserved 1056768K
  class space    used 662K, capacity 728K, committed 768K, reserved 1048576K
}
Event: 275.984 GC heap before
{Heap before GC invocations=5 (full 0):
 PSYoungGen      total 18944K, used 18544K [0x00000007aab00000, 0x00000007ac000000, 0x00000007c0000000)
  eden space 16384K, 100% used [0x00000007aab00000,0x00000007abb00000,0x00000007abb00000)
  from space 2560K, 84% used [0x00000007abd80000,0x00000007abf9c010,0x00000007ac000000)
  to   space 2560K, 0% used [0x00000007abb00000,0x00000007abb00000,0x00000007abd80000)
 ParOldGen       total 44032K, used 32K [0x0000000780000000, 0x0000000782b00000, 0x00000007aab00000)
  object space 44032K, 0% used [0x0000000780000000,0x0000000780008000,0x0000000782b00000)
 Metaspace       used 6905K, capacity 7067K, committed 7168K, reserved 1056768K
  class space    used 662K, capacity 728K, committed 768K, reserved 1048576K
Event: 275.988 GC heap after
Heap after GC invocations=5 (full 0):
 PSYoungGen      total 18944K, used 2304K [0x00000007aab00000, 0x00000007ac000000, 0x00000007c0000000)
  eden space 16384K, 0% used [0x00000007aab00000,0x00000007aab00000,0x00000007abb00000)
  from space 2560K, 90% used [0x00000007abb00000,0x00000007abd40000,0x00000007abd80000)
  to   space 2560K, 0% used [0x00000007abd80000,0x00000007abd80000,0x00000007ac000000)
 ParOldGen       total 44032K, used 40K [0x0000000780000000, 0x0000000782b00000, 0x00000007aab00000)
  object space 44032K, 0% used [0x0000000780000000,0x000000078000a000,0x0000000782b00000)
 Metaspace       used 6905K, capacity 7067K, committed 7168K, reserved 1056768K
  class space    used 662K, capacity 728K, committed 768K, reserved 1048576K
}
Event: 350.539 GC heap before
{Heap before GC invocations=6 (full 0):
 PSYoungGen      total 18944K, used 18688K [0x00000007aab00000, 0x00000007ac000000, 0x00000007c0000000)
  eden space 16384K, 100% used [0x00000007aab00000,0x00000007abb00000,0x00000007abb00000)
  from space 2560K, 90% used [0x00000007abb00000,0x00000007abd40000,0x00000007abd80000)
  to   space 2560K, 0% used [0x00000007abd80000,0x00000007abd80000,0x00000007ac000000)
 ParOldGen       total 44032K, used 40K [0x0000000780000000, 0x0000000782b00000, 0x00000007aab00000)
  object space 44032K, 0% used [0x0000000780000000,0x000000078000a000,0x0000000782b00000)
 Metaspace       used 6905K, capacity 7067K, committed 7168K, reserved 1056768K
  class space    used 662K, capacity 728K, committed 768K, reserved 1048576K
Event: 350.545 GC heap after
Heap after GC invocations=6 (full 0):
 PSYoungGen      total 18944K, used 2464K [0x00000007aab00000, 0x00000007ac000000, 0x00000007c0000000)
  eden space 16384K, 0% used [0x00000007aab00000,0x00000007aab00000,0x00000007abb00000)
  from space 2560K, 96% used [0x00000007abd80000,0x00000007abfe8020,0x00000007ac000000)
  to   space 2560K, 0% used [0x00000007abb00000,0x00000007abb00000,0x00000007abd80000)
 ParOldGen       total 44032K, used 48K [0x0000000780000000, 0x0000000782b00000, 0x00000007aab00000)
  object space 44032K, 0% used [0x0000000780000000,0x000000078000c000,0x0000000782b00000)
 Metaspace       used 6905K, capacity 7067K, committed 7168K, reserved 1056768K
  class space    used 662K, capacity 728K, committed 768K, reserved 1048576K
}
Event: 428.242 GC heap before
{Heap before GC invocations=7 (full 0):
 PSYoungGen      total 18944K, used 18848K [0x00000007aab00000, 0x00000007ac000000, 0x00000007c0000000)
  eden space 16384K, 100% used [0x00000007aab00000,0x00000007abb00000,0x00000007abb00000)
  from space 2560K, 96% used [0x00000007abd80000,0x00000007abfe8020,0x00000007ac000000)
  to   space 2560K, 0% used [0x00000007abb00000,0x00000007abb00000,0x00000007abd80000)
 ParOldGen       total 44032K, used 48K [0x0000000780000000, 0x0000000782b00000, 0x00000007aab00000)
  object space 44032K, 0% used [0x0000000780000000,0x000000078000c000,0x0000000782b00000)
 Metaspace       used 6905K, capacity 7067K, committed 7168K, reserved 1056768K
  class space    used 662K, capacity 728K, committed 768K, reserved 1048576K
Event: 428.246 GC heap after
Heap after GC invocations=7 (full 0):
 PSYoungGen      total 18944K, used 1184K [0x00000007aab00000, 0x00000007ac100000, 0x00000007c0000000)
  eden space 16384K, 0% used [0x00000007aab00000,0x00000007aab00000,0x00000007abb00000)
  from space 2560K, 46% used [0x00000007abb00000,0x00000007abc28000,0x00000007abd80000)
  to   space 3072K, 0% used [0x00000007abe00000,0x00000007abe00000,0x00000007ac100000)
 ParOldGen       total 44032K, used 1554K [0x0000000780000000, 0x0000000782b00000, 0x00000007aab00000)
  object space 44032K, 3% used [0x0000000780000000,0x00000007801848e0,0x0000000782b00000)
 Metaspace       used 6905K, capacity 7067K, committed 7168K, reserved 1056768K
  class space    used 662K, capacity 728K, committed 768K, reserved 1048576K
}

