# JRE version: Java(TM) SE Runtime Environment (8.0_102-b04) (build 1.8.0_102-ea-b04)
# Java VM: Java HotSpot(TM) 64-Bit Server VM (25.102-b04 mixed mode bsd-amd64 compressed oops)
Heap:
 PSYoungGen      total 18944K, used 6836K [0x00000007aab00000, 0x00000007ac080000, 0x00000007c0000000)
  eden space 15872K, 41% used [0x00000007aab00000,0x00000007ab17d218,0x00000007aba80000)
  from space 3072K, 6% used [0x00000007aba80000,0x00000007abab0000,0x00000007abd80000)
  to   space 3072K, 0% used [0x00000007abd80000,0x00000007abd80000,0x00000007ac080000)
 ParOldGen       total 44032K, used 2222K [0x0000000780000000, 0x0000000782b00000, 0x00000007aab00000)
  object space 44032K, 5% used [0x0000000780000000,0x000000078022b8f0,0x0000000782b00000)
 Metaspace       used 6850K, capacity 7003K, committed 7168K, reserved 1056768K
  class space    used 655K, capacity 728K, committed 768K, reserved 1048576K
GC Heap History (10 events):
Event: 25.344 GC heap before
{Heap before GC invocations=7 (full 0):
 PSYoungGen      total 18432K, used 18256K [0x00000007aab00000, 0x00000007abf00000, 0x00000007c0000000)
  eden space 16384K, 100% used [0x00000007aab00000,0x00000007abb00000,0x00000007abb00000)
  from space 2048K, 91% used [0x00000007abd00000,0x00000007abed4010,0x00000007abf00000)
  to   space 2048K, 0% used [0x00000007abb00000,0x00000007abb00000,0x00000007abd00000)
 ParOldGen       total 44032K, used 40K [0x0000000780000000, 0x0000000782b00000, 0x00000007aab00000)
  object space 44032K, 0% used [0x0000000780000000,0x000000078000a000,0x0000000782b00000)
 Metaspace       used 6843K, capacity 7003K, committed 7168K, reserved 1056768K
  class space    used 654K, capacity 728K, committed 768K, reserved 1048576K
Event: 25.348 GC heap after
Heap after GC invocations=7 (full 0):
 PSYoungGen      total 18432K, used 608K [0x00000007aab00000, 0x00000007ac000000, 0x00000007c0000000)
  eden space 16384K, 0% used [0x00000007aab00000,0x00000007aab00000,0x00000007abb00000)
  from space 2048K, 29% used [0x00000007abb00000,0x00000007abb98000,0x00000007abd00000)
  to   space 2560K, 0% used [0x00000007abd80000,0x00000007abd80000,0x00000007ac000000)
 ParOldGen       total 44032K, used 1566K [0x0000000780000000, 0x0000000782b00000, 0x00000007aab00000)
  object space 44032K, 3% used [0x0000000780000000,0x00000007801878d0,0x0000000782b00000)
 Metaspace       used 6843K, capacity 7003K, committed 7168K, reserved 1056768K
  class space    used 654K, capacity 728K, committed 768K, reserved 1048576K
}
Event: 27.376 GC heap before
{Heap before GC invocations=8 (full 0):
 PSYoungGen      total 18432K, used 16992K [0x00000007aab00000, 0x00000007ac000000, 0x00000007c0000000)
  eden space 16384K, 100% used [0x00000007aab00000,0x00000007abb00000,0x00000007abb00000)
  from space 2048K, 29% used [0x00000007abb00000,0x00000007abb98000,0x00000007abd00000)
  to   space 2560K, 0% used [0x00000007abd80000,0x00000007abd80000,0x00000007ac000000)
 ParOldGen       total 44032K, used 1566K [0x0000000780000000, 0x0000000782b00000, 0x00000007aab00000)
  object space 44032K, 3% used [0x0000000780000000,0x00000007801878d0,0x0000000782b00000)
 Metaspace       used 6843K, capacity 7003K, committed 7168K, reserved 1056768K
  class space    used 654K, capacity 728K, committed 768K, reserved 1048576K
Event: 27.377 GC heap after
Heap after GC invocations=8 (full 0):
 PSYoungGen      total 18944K, used 384K [0x00000007aab00000, 0x00000007ac000000, 0x00000007c0000000)
  eden space 16384K, 0% used [0x00000007aab00000,0x00000007aab00000,0x00000007abb00000)
  from space 2560K, 15% used [0x00000007abd80000,0x00000007abde0000,0x00000007ac000000)
  to   space 2560K, 0% used [0x00000007abb00000,0x00000007abb00000,0x00000007abd80000)
 ParOldGen       total 44032K, used 1734K [0x0000000780000000, 0x0000000782b00000, 0x00000007aab00000)
  object space 44032K, 3% used [0x0000000780000000,0x00000007801b18e0,0x0000000782b00000)
 Metaspace       used 6843K, capacity 7003K, committed 7168K, reserved 1056768K
  class space    used 654K, capacity 728K, committed 768K, reserved 1048576K
}
Event: 29.195 GC heap before
{Heap before GC invocations=9 (full 0):
 PSYoungGen      total 18944K, used 16768K [0x00000007aab00000, 0x00000007ac000000, 0x00000007c0000000)
  eden space 16384K, 100% used [0x00000007aab00000,0x00000007abb00000,0x00000007abb00000)
  from space 2560K, 15% used [0x00000007abd80000,0x00000007abde0000,0x00000007ac000000)
  to   space 2560K, 0% used [0x00000007abb00000,0x00000007abb00000,0x00000007abd80000)
 ParOldGen       total 44032K, used 1734K [0x0000000780000000, 0x0000000782b00000, 0x00000007aab00000)
  object space 44032K, 3% used [0x0000000780000000,0x00000007801b18e0,0x0000000782b00000)
 Metaspace       used 6843K, capacity 7003K, committed 7168K, reserved 1056768K
  class space    used 654K, capacity 728K, committed 768K, reserved 1048576K
Event: 29.196 GC heap after
Heap after GC invocations=9 (full 0):
 PSYoungGen      total 18944K, used 432K [0x00000007aab00000, 0x00000007ac000000, 0x00000007c0000000)
  eden space 16384K, 0% used [0x00000007aab00000,0x00000007aab00000,0x00000007abb00000)
  from space 2560K, 16% used [0x00000007abb00000,0x00000007abb6c010,0x00000007abd80000)
  to   space 2560K, 0% used [0x00000007abd80000,0x00000007abd80000,0x00000007ac000000)
 ParOldGen       total 44032K, used 1814K [0x0000000780000000, 0x0000000782b00000, 0x00000007aab00000)
  object space 44032K, 4% used [0x0000000780000000,0x00000007801c58e0,0x0000000782b00000)
 Metaspace       used 6843K, capacity 7003K, committed 7168K, reserved 1056768K
  class space    used 654K, capacity 728K, committed 768K, reserved 1048576K
}
Event: 30.457 GC heap before
{Heap before GC invocations=10 (full 0):
 PSYoungGen      total 18944K, used 16816K [0x00000007aab00000, 0x00000007ac000000, 0x00000007c0000000)
  eden space 16384K, 100% used [0x00000007aab00000,0x00000007abb00000,0x00000007abb00000)
  from space 2560K, 16% used [0x00000007abb00000,0x00000007abb6c010,0x00000007abd80000)
  to   space 2560K, 0% used [0x00000007abd80000,0x00000007abd80000,0x00000007ac000000)
 ParOldGen       total 44032K, used 1814K [0x0000000780000000, 0x0000000782b00000, 0x00000007aab00000)
  object space 44032K, 4% used [0x0000000780000000,0x00000007801c58e0,0x0000000782b00000)
 Metaspace       used 6843K, capacity 7003K, committed 7168K, reserved 1056768K
  class space    used 655K, capacity 728K, committed 768K, reserved 1048576K
Event: 30.459 GC heap after
Heap after GC invocations=10 (full 0):
 PSYoungGen      total 18432K, used 448K [0x00000007aab00000, 0x00000007ac100000, 0x00000007c0000000)
  eden space 15872K, 0% used [0x00000007aab00000,0x00000007aab00000,0x00000007aba80000)
  from space 2560K, 17% used [0x00000007abd80000,0x00000007abdf0000,0x00000007ac000000)
  to   space 3072K, 0% used [0x00000007aba80000,0x00000007aba80000,0x00000007abd80000)
 ParOldGen       total 44032K, used 2014K [0x0000000780000000, 0x0000000782b00000, 0x00000007aab00000)
  object space 44032K, 4% used [0x0000000780000000,0x00000007801f78e0,0x0000000782b00000)
 Metaspace       used 6843K, capacity 7003K, committed 7168K, reserved 1056768K
  class space    used 655K, capacity 728K, committed 768K, reserved 1048576K
}
Event: 32.286 GC heap before
{Heap before GC invocations=11 (full 0):
 PSYoungGen      total 18432K, used 16320K [0x00000007aab00000, 0x00000007ac100000, 0x00000007c0000000)
  eden space 15872K, 100% used [0x00000007aab00000,0x00000007aba80000,0x00000007aba80000)
  from space 2560K, 17% used [0x00000007abd80000,0x00000007abdf0000,0x00000007ac000000)
  to   space 3072K, 0% used [0x00000007aba80000,0x00000007aba80000,0x00000007abd80000)
 ParOldGen       total 44032K, used 2014K [0x0000000780000000, 0x0000000782b00000, 0x00000007aab00000)
  object space 44032K, 4% used [0x0000000780000000,0x00000007801f78e0,0x0000000782b00000)
 Metaspace       used 6843K, capacity 7003K, committed 7168K, reserved 1056768K
  class space    used 655K, capacity 728K, committed 768K, reserved 1048576K
Event: 32.287 GC heap after
Heap after GC invocations=11 (full 0):
 PSYoungGen      total 18944K, used 192K [0x00000007aab00000, 0x00000007ac080000, 0x00000007c0000000)
  eden space 15872K, 0% used [0x00000007aab00000,0x00000007aab00000,0x00000007aba80000)
  from space 3072K, 6% used [0x00000007aba80000,0x00000007abab0000,0x00000007abd80000)
  to   space 3072K, 0% used [0x00000007abd80000,0x00000007abd80000,0x00000007ac080000)
 ParOldGen       total 44032K, used 2222K [0x0000000780000000, 0x0000000782b00000, 0x00000007aab00000)
  object space 44032K, 5% used [0x0000000780000000,0x000000078022b8f0,0x0000000782b00000)
 Metaspace       used 6843K, capacity 7003K, committed 7168K, reserved 1056768K
  class space    used 655K, capacity 728K, committed 768K, reserved 1048576K
}

