# JRE version: Java(TM) SE Runtime Environment (8.0_102-b04) (build 1.8.0_102-ea-b04)
# Java VM: Java HotSpot(TM) 64-Bit Server VM (25.102-b04 mixed mode bsd-amd64 compressed oops)
Heap:
 PSYoungGen      total 18944K, used 5642K [0x000000013c900000, 0x000000013de00000, 0x0000000151e00000)
  eden space 16384K, 23% used [0x000000013c900000,0x000000013ccc2808,0x000000013d900000)
  from space 2560K, 70% used [0x000000013db80000,0x000000013dd40000,0x000000013de00000)
  to   space 2560K, 0% used [0x000000013d900000,0x000000013d900000,0x000000013db80000)
 ParOldGen       total 44032K, used 16K [0x0000000111e00000, 0x0000000114900000, 0x000000013c900000)
  object space 44032K, 0% used [0x0000000111e00000,0x0000000111e04000,0x0000000114900000)
 Metaspace       used 6837K, capacity 7003K, committed 7168K, reserved 1056768K
  class space    used 663K, capacity 728K, committed 768K, reserved 1048576K
GC Heap History (4 events):
Event: 1.453 GC heap before
{Heap before GC invocations=1 (full 0):
 PSYoungGen      total 18944K, used 16377K [0x000000013c900000, 0x000000013de00000, 0x0000000151e00000)
  eden space 16384K, 99% used [0x000000013c900000,0x000000013d8fe5c8,0x000000013d900000)
  from space 2560K, 0% used [0x000000013db80000,0x000000013db80000,0x000000013de00000)
  to   space 2560K, 0% used [0x000000013d900000,0x000000013d900000,0x000000013db80000)
 ParOldGen       total 44032K, used 0K [0x0000000111e00000, 0x0000000114900000, 0x000000013c900000)
  object space 44032K, 0% used [0x0000000111e00000,0x0000000111e00000,0x0000000114900000)
 Metaspace       used 6510K, capacity 6651K, committed 6912K, reserved 1056768K
  class space    used 645K, capacity 696K, committed 768K, reserved 1048576K
Event: 1.458 GC heap after
Heap after GC invocations=1 (full 0):
 PSYoungGen      total 18944K, used 2064K [0x000000013c900000, 0x000000013de00000, 0x0000000151e00000)
  eden space 16384K, 0% used [0x000000013c900000,0x000000013c900000,0x000000013d900000)
  from space 2560K, 80% used [0x000000013d900000,0x000000013db04010,0x000000013db80000)
  to   space 2560K, 0% used [0x000000013db80000,0x000000013db80000,0x000000013de00000)
 ParOldGen       total 44032K, used 8K [0x0000000111e00000, 0x0000000114900000, 0x000000013c900000)
  object space 44032K, 0% used [0x0000000111e00000,0x0000000111e02000,0x0000000114900000)
 Metaspace       used 6510K, capacity 6651K, committed 6912K, reserved 1056768K
  class space    used 645K, capacity 696K, committed 768K, reserved 1048576K
}
Event: 1.786 GC heap before
{Heap before GC invocations=2 (full 0):
 PSYoungGen      total 18944K, used 18448K [0x000000013c900000, 0x000000013de00000, 0x0000000151e00000)
  eden space 16384K, 100% used [0x000000013c900000,0x000000013d900000,0x000000013d900000)
  from space 2560K, 80% used [0x000000013d900000,0x000000013db04010,0x000000013db80000)
  to   space 2560K, 0% used [0x000000013db80000,0x000000013db80000,0x000000013de00000)
 ParOldGen       total 44032K, used 8K [0x0000000111e00000, 0x0000000114900000, 0x000000013c900000)
  object space 44032K, 0% used [0x0000000111e00000,0x0000000111e02000,0x0000000114900000)
 Metaspace       used 6597K, capacity 6715K, committed 6912K, reserved 1056768K
  class space    used 645K, capacity 696K, committed 768K, reserved 1048576K
Event: 1.792 GC heap after
Heap after GC invocations=2 (full 0):
 PSYoungGen      total 18944K, used 1792K [0x000000013c900000, 0x000000013de00000, 0x0000000151e00000)
  eden space 16384K, 0% used [0x000000013c900000,0x000000013c900000,0x000000013d900000)
  from space 2560K, 70% used [0x000000013db80000,0x000000013dd40000,0x000000013de00000)
  to   space 2560K, 0% used [0x000000013d900000,0x000000013d900000,0x000000013db80000)
 ParOldGen       total 44032K, used 16K [0x0000000111e00000, 0x0000000114900000, 0x000000013c900000)
  object space 44032K, 0% used [0x0000000111e00000,0x0000000111e04000,0x0000000114900000)
 Metaspace       used 6597K, capacity 6715K, committed 6912K, reserved 1056768K
  class space    used 645K, capacity 696K, committed 768K, reserved 1048576K
}

